<?xml version="1.0" encoding="UTF-8"?>
<!-- Generated by org.testng.reporters.JUnitReportReporter -->
<testsuite hostname="Danielas-MacBook-Air.local" failures="0" tests="1" name="testCases.TC_001_AccountRegistration" time="4.241" errors="0" timestamp="2022-03-31T16:59:47 MDT" skipped="0">
  <testcase classname="testCases.TC_001_AccountRegistration" name="test_accout_Registration" time="4.241"/>
  <system-out/>
</testsuite> <!-- testCases.TC_001_AccountRegistration -->
