<?xml version="1.0" encoding="UTF-8"?>
<!-- Generated by org.testng.reporters.JUnitReportReporter -->
<testsuite skipped="0" hostname="Danielas-Air.lan" name="testCases.TC_001_AccountRegistration" tests="1" failures="0" timestamp="2022-04-05T11:42:12 CDT" time="6.489" errors="0">
  <testcase name="test_accout_Registration" time="6.489" classname="testCases.TC_001_AccountRegistration"/>
  <system-out/>
</testsuite> <!-- testCases.TC_001_AccountRegistration -->
